c:\users\pouddev\source\naclencryption\debug\vc120.pdb
c:\users\pouddev\source\naclencryption\debug\vc120.idb
c:\users\pouddev\source\naclencryption\debug\stream_salsa208.obj
c:\users\pouddev\source\naclencryption\debug\xor_salsa208.obj
c:\users\pouddev\source\naclencryption\debug\stream_salsa208_api.obj
c:\users\pouddev\source\naclencryption\debug\stream_salsa20_ref.obj
c:\users\pouddev\source\naclencryption\debug\xor_salsa20_ref.obj
c:\users\pouddev\source\naclencryption\debug\stream_salsa20_api.obj
c:\users\pouddev\source\naclencryption\debug\stream_xsalsa20.obj
c:\users\pouddev\source\naclencryption\debug\xor_xsalsa20.obj
c:\users\pouddev\source\naclencryption\debug\stream_xsalsa20_api.obj
c:\users\pouddev\source\naclencryption\debug\verify_16.obj
c:\users\pouddev\source\naclencryption\debug\verify_16_api.obj
c:\users\pouddev\source\naclencryption\debug\verify_32.obj
c:\users\pouddev\source\naclencryption\debug\verify_32_api.obj
c:\users\pouddev\source\naclencryption\debug\randombytes.obj
c:\users\pouddev\source\naclencryption\debug\randombytes_salsa20_random.obj
c:\users\pouddev\source\naclencryption\debug\randombytes_sysrandom.obj
c:\users\pouddev\source\naclencryption\debug\compat.obj
c:\users\pouddev\source\naclencryption\debug\core.obj
c:\users\pouddev\source\naclencryption\debug\utils.obj
c:\users\pouddev\source\naclencryption\debug\version.obj
c:\users\pouddev\source\naclencryption\debug\sign_ed25519_api.obj
c:\users\pouddev\source\naclencryption\debug\fe25519_edwards25519sha512batch.obj
c:\users\pouddev\source\naclencryption\debug\ge25519_edwards25519sha512batch.obj
c:\users\pouddev\source\naclencryption\debug\sc25519_edwards25519sha512batch.obj
c:\users\pouddev\source\naclencryption\debug\sign_edwards25519sha512batch.obj
c:\users\pouddev\source\naclencryption\debug\sign_edwards25519sha512batch_api.obj
c:\users\pouddev\source\naclencryption\debug\afternm_aes128ctr.obj
c:\users\pouddev\source\naclencryption\debug\beforenm_aes128ctr.obj
c:\users\pouddev\source\naclencryption\debug\common_aes128ctr.obj
c:\users\pouddev\source\naclencryption\debug\consts_aes128ctr.obj
c:\users\pouddev\source\naclencryption\debug\int128_aes128ctr.obj
c:\users\pouddev\source\naclencryption\debug\stream_aes128ctr.obj
c:\users\pouddev\source\naclencryption\debug\xor_afternm_aes128ctr.obj
c:\users\pouddev\source\naclencryption\debug\stream_aes128ctr_api.obj
c:\users\pouddev\source\naclencryption\debug\aes256-ctr.obj
c:\users\pouddev\source\naclencryption\debug\stream_aes256estream_api.obj
c:\users\pouddev\source\naclencryption\debug\crypto_stream.obj
c:\users\pouddev\source\naclencryption\debug\stream_salsa2012.obj
c:\users\pouddev\source\naclencryption\debug\xor_salsa2012.obj
c:\users\pouddev\source\naclencryption\debug\stream_salsa2012_api.obj
c:\users\pouddev\source\naclencryption\debug\ge_madd.obj
c:\users\pouddev\source\naclencryption\debug\ge_msub.obj
c:\users\pouddev\source\naclencryption\debug\ge_p1p1_to_p2.obj
c:\users\pouddev\source\naclencryption\debug\ge_p1p1_to_p3.obj
c:\users\pouddev\source\naclencryption\debug\ge_p2_0.obj
c:\users\pouddev\source\naclencryption\debug\ge_p2_dbl.obj
c:\users\pouddev\source\naclencryption\debug\ge_p3_0.obj
c:\users\pouddev\source\naclencryption\debug\ge_p3_dbl.obj
c:\users\pouddev\source\naclencryption\debug\ge_p3_tobytes.obj
c:\users\pouddev\source\naclencryption\debug\ge_p3_to_cached.obj
c:\users\pouddev\source\naclencryption\debug\ge_p3_to_p2.obj
c:\users\pouddev\source\naclencryption\debug\ge_precomp_0.obj
c:\users\pouddev\source\naclencryption\debug\ge_scalarmult_base.obj
c:\users\pouddev\source\naclencryption\debug\ge_sub.obj
c:\users\pouddev\source\naclencryption\debug\ge_tobytes.obj
c:\users\pouddev\source\naclencryption\debug\keypair.obj
c:\users\pouddev\source\naclencryption\debug\open.obj
c:\users\pouddev\source\naclencryption\debug\sc_muladd.obj
c:\users\pouddev\source\naclencryption\debug\sc_reduce.obj
c:\users\pouddev\source\naclencryption\debug\sign.obj
c:\users\pouddev\source\naclencryption\debug\crypto_sign.obj
c:\users\pouddev\source\naclencryption\debug\fe_0.obj
c:\users\pouddev\source\naclencryption\debug\fe_1.obj
c:\users\pouddev\source\naclencryption\debug\fe_add.obj
c:\users\pouddev\source\naclencryption\debug\fe_cmov.obj
c:\users\pouddev\source\naclencryption\debug\fe_copy.obj
c:\users\pouddev\source\naclencryption\debug\fe_frombytes.obj
c:\users\pouddev\source\naclencryption\debug\fe_invert.obj
c:\users\pouddev\source\naclencryption\debug\fe_isnegative.obj
c:\users\pouddev\source\naclencryption\debug\fe_isnonzero.obj
c:\users\pouddev\source\naclencryption\debug\fe_mul.obj
c:\users\pouddev\source\naclencryption\debug\fe_neg.obj
c:\users\pouddev\source\naclencryption\debug\fe_pow22523.obj
c:\users\pouddev\source\naclencryption\debug\fe_sq.obj
c:\users\pouddev\source\naclencryption\debug\fe_sq2.obj
c:\users\pouddev\source\naclencryption\debug\fe_sub.obj
c:\users\pouddev\source\naclencryption\debug\fe_tobytes.obj
c:\users\pouddev\source\naclencryption\debug\ge_add.obj
c:\users\pouddev\source\naclencryption\debug\ge_double_scalarmult.obj
c:\users\pouddev\source\naclencryption\debug\ge_frombytes.obj
c:\users\pouddev\source\naclencryption\debug\hash_sha256_api.obj
c:\users\pouddev\source\naclencryption\debug\hash_sha256.obj
c:\users\pouddev\source\naclencryption\debug\hash_sha512_api.obj
c:\users\pouddev\source\naclencryption\debug\hash_sha512.obj
c:\users\pouddev\source\naclencryption\debug\crypto_onetimeauth.obj
c:\users\pouddev\source\naclencryption\debug\auth_poly1305_donna.obj
c:\users\pouddev\source\naclencryption\debug\verify_poly1305_donna.obj
c:\users\pouddev\source\naclencryption\debug\onetimeauth_poly1305.obj
c:\users\pouddev\source\naclencryption\debug\onetimeauth_poly1305_api.obj
c:\users\pouddev\source\naclencryption\debug\onetimeauth_poly1305_try.obj
c:\users\pouddev\source\naclencryption\debug\crypto_scalarmult.obj
c:\users\pouddev\source\naclencryption\debug\base_curve25519_ref.obj
c:\users\pouddev\source\naclencryption\debug\smult_curve25519_ref.obj
c:\users\pouddev\source\naclencryption\debug\scalarmult_curve25519_api.obj
c:\users\pouddev\source\naclencryption\debug\crypto_secretbox.obj
c:\users\pouddev\source\naclencryption\debug\box_xsalsa20poly1305.obj
c:\users\pouddev\source\naclencryption\debug\secretbox_xsalsa20poly1305_api.obj
c:\users\pouddev\source\naclencryption\debug\crypto_shorthash.obj
c:\users\pouddev\source\naclencryption\debug\shorthash_siphash24.obj
c:\users\pouddev\source\naclencryption\debug\shorthash_siphash24_api.obj
c:\users\pouddev\source\naclencryption\debug\before_curve25519xsalsa20poly1305.obj
c:\users\pouddev\source\naclencryption\debug\box_curve25519xsalsa20poly1305.obj
c:\users\pouddev\source\naclencryption\debug\keypair_curve25519xsalsa20poly1305.obj
c:\users\pouddev\source\naclencryption\debug\core_hsalsa20_api.obj
c:\users\pouddev\source\naclencryption\debug\core_hsalsa20.obj
c:\users\pouddev\source\naclencryption\debug\core_salsa2012_api.obj
c:\users\pouddev\source\naclencryption\debug\core_salsa2012.obj
c:\users\pouddev\source\naclencryption\debug\core_salsa208_api.obj
c:\users\pouddev\source\naclencryption\debug\core_salsa208.obj
c:\users\pouddev\source\naclencryption\debug\core_salsa20_api.obj
c:\users\pouddev\source\naclencryption\debug\core_salsa20.obj
c:\users\pouddev\source\naclencryption\debug\generichash_blake2_api.obj
c:\users\pouddev\source\naclencryption\debug\blake2b-ref.obj
c:\users\pouddev\source\naclencryption\debug\generichash_blake2b.obj
c:\users\pouddev\source\naclencryption\debug\crypto_generichash.obj
c:\users\pouddev\source\naclencryption\debug\hashblocks_sha256_api.obj
c:\users\pouddev\source\naclencryption\debug\blocks_sha256.obj
c:\users\pouddev\source\naclencryption\debug\hashblocks_sha512_api.obj
c:\users\pouddev\source\naclencryption\debug\blocks_sha512.obj
c:\users\pouddev\source\naclencryption\debug\crypto_hash.obj
c:\users\pouddev\source\naclencryption\debug\crypto_auth.obj
c:\users\pouddev\source\naclencryption\debug\auth_hmacsha256_api.obj
c:\users\pouddev\source\naclencryption\debug\hmac_hmacsha256.obj
c:\users\pouddev\source\naclencryption\debug\verify_hmacsha256.obj
c:\users\pouddev\source\naclencryption\debug\auth_hmacsha512256_api.obj
c:\users\pouddev\source\naclencryption\debug\hmac_hmacsha512256.obj
c:\users\pouddev\source\naclencryption\debug\verify_hmacsha512256.obj
c:\users\pouddev\source\naclencryption\debug\crypto_box.obj
c:\users\pouddev\source\naclencryption\debug\box_curve25519xsalsa20poly1305_api.obj
c:\users\pouddev\source\naclencryption\debug\after_curve25519xsalsa20poly1305.obj
c:\users\pouddev\source\naclencryption\debug\libsodium.ilk
c:\users\pouddev\source\naclencryption\debug\libsodium.dll
c:\users\pouddev\source\naclencryption\debug\libsodium.pdb
c:\users\pouddev\source\naclencryption\debug\..\..\naclencryption\debug\libsodium.pdb
c:\users\pouddev\source\libsodium-master\libsodium-master\..\..\naclencryption\debug\libsodium.dll
c:\users\pouddev\source\naclencryption\debug\..\..\naclencryption\debug\libsodium.ilk
c:\users\pouddev\source\naclencryption\debug\libsodium.tlog\cl.command.1.tlog
c:\users\pouddev\source\naclencryption\debug\libsodium.tlog\cl.read.1.tlog
c:\users\pouddev\source\naclencryption\debug\libsodium.tlog\cl.write.1.tlog
c:\users\pouddev\source\naclencryption\debug\libsodium.tlog\link.command.1.tlog
c:\users\pouddev\source\naclencryption\debug\libsodium.tlog\link.read.1.tlog
c:\users\pouddev\source\naclencryption\debug\libsodium.tlog\link.write.1.tlog
